<?xml version="1.0" encoding="UTF-8"?>
<testng-results skipped="0" failed="0" total="1" passed="1">
  <reporter-output>
  </reporter-output>
  <suite name="Suite" duration-ms="29047" started-at="2020-06-23T10:41:03Z" finished-at="2020-06-23T10:41:32Z">
    <groups>
    </groups>
    <test name="Test" duration-ms="29047" started-at="2020-06-23T10:41:03Z" finished-at="2020-06-23T10:41:32Z">
      <class name="Dashboard.RegisterCustomer">
        <test-method status="PASS" signature="familyRegistrationTest()[pri:0, instance:Dashboard.RegisterCustomer@4dbb42b7]" name="familyRegistrationTest" duration-ms="28543" started-at="2020-06-23T16:11:03Z" finished-at="2020-06-23T16:11:31Z">
          <reporter-output>
          </reporter-output>
        </test-method> <!-- familyRegistrationTest -->
        <test-method status="PASS" signature="tearDown()[pri:0, instance:Dashboard.RegisterCustomer@4dbb42b7]" name="tearDown" is-config="true" duration-ms="482" started-at="2020-06-23T16:11:31Z" finished-at="2020-06-23T16:11:32Z">
          <reporter-output>
          </reporter-output>
        </test-method> <!-- tearDown -->
      </class> <!-- Dashboard.RegisterCustomer -->
    </test> <!-- Test -->
  </suite> <!-- Suite -->
</testng-results>
